<?xml version="1.0" encoding="UTF-8"?>
<!-- Generated by org.testng.reporters.JUnitReportReporter -->
<testsuite skipped="0" hostname="DESKTOP-G2UDSQ1" name="com.mindtree.runner.BigSmallApplication" tests="10" failures="0" timestamp="2021-11-18T18:06:24 IST" time="196.916" errors="0">
  <testcase name="createAccount" time="29.409" classname="com.mindtree.runner.BigSmallApplication"/>
  <system-out/>
  <testcase name="signIN" time="15.273" classname="com.mindtree.runner.BigSmallApplication"/>
  <system-out/>
  <testcase name="codAvailability" time="18.283" classname="com.mindtree.runner.BigSmallApplication"/>
  <system-out/>
  <testcase name="shopbycateg" time="18.434" classname="com.mindtree.runner.BigSmallApplication"/>
  <system-out/>
  <testcase name="Giftcard" time="26.565" classname="com.mindtree.runner.BigSmallApplication"/>
  <system-out/>
  <testcase name="addingproducttocart" time="20.032" classname="com.mindtree.runner.BigSmallApplication"/>
  <system-out/>
  <testcase name="Searchproduct" time="22.097" classname="com.mindtree.runner.BigSmallApplication"/>
  <system-out/>
  <testcase name="validateWhatsnewPage" time="18.152" classname="com.mindtree.runner.BigSmallApplication"/>
  <system-out/>
  <testcase name="GiftsPage" time="10.179" classname="com.mindtree.runner.BigSmallApplication"/>
  <system-out/>
  <testcase name="PersonalisedGiftsPage" time="18.492" classname="com.mindtree.runner.BigSmallApplication"/>
  <system-out/>
</testsuite> <!-- com.mindtree.runner.BigSmallApplication -->
