<?xml version="1.0" encoding="UTF-8"?>
<!-- Generated by org.testng.reporters.JUnitReportReporter -->
<testsuite skipped="0" hostname="DESKTOP-G2UDSQ1" name="com.mindtree.runner.BigSmallApplication" tests="10" failures="0" timestamp="18 Nov 2021 12:50:28 GMT" time="204.325" errors="0">
  <testcase name="createAccount" time="24.705" classname="com.mindtree.runner.BigSmallApplication"/>
  <testcase name="signIN" time="15.015" classname="com.mindtree.runner.BigSmallApplication"/>
  <testcase name="codAvailability" time="17.201" classname="com.mindtree.runner.BigSmallApplication"/>
  <testcase name="shopbycateg" time="24.480" classname="com.mindtree.runner.BigSmallApplication"/>
  <testcase name="Giftcard" time="28.102" classname="com.mindtree.runner.BigSmallApplication"/>
  <testcase name="addingproducttocart" time="18.891" classname="com.mindtree.runner.BigSmallApplication"/>
  <testcase name="Searchproduct" time="26.008" classname="com.mindtree.runner.BigSmallApplication"/>
  <testcase name="validateWhatsnewPage" time="17.201" classname="com.mindtree.runner.BigSmallApplication"/>
  <testcase name="GiftsPage" time="10.329" classname="com.mindtree.runner.BigSmallApplication"/>
  <testcase name="PersonalisedGiftsPage" time="22.393" classname="com.mindtree.runner.BigSmallApplication"/>
</testsuite> <!-- com.mindtree.runner.BigSmallApplication -->
